app/build/intermediates/manifest_merge_blame_file/debug/manifest-merger-blame-debug-report.txt
1<?xml version="1.0" encoding="utf-8"?>
2<manifest xmlns:android="http://schemas.android.com/apk/res/android"
3    package="com.example"
4    android:versionCode="1"
5    android:versionName="1.0" >
6
7    <uses-sdk
7-->src\main\AndroidManifest.xml:18:5-43
8        android:minSdkVersion="6"
8-->src\main\AndroidManifest.xml:18:15-40
9        android:targetSdkVersion="6" />
9-->src\main\AndroidManifest.xml:18:5-43
10
11    <application
11-->src\main\AndroidManifest.xml:6:5-17:19
12        android:debuggable="true"
12-->src\main\AndroidManifest.xml:6:81-106
13        android:icon="@drawable/icon"
13-->src\main\AndroidManifest.xml:6:18-47
14        android:label="@string/app_name"
14-->src\main\AndroidManifest.xml:6:48-80
15        android:testOnly="true" >
16        <activity
16-->src\main\AndroidManifest.xml:7:9-14:20
17            android:name="com.example.Accelerometer"
17-->src\main\AndroidManifest.xml:7:19-48
18            android:label="@string/app_name"
18-->src\main\AndroidManifest.xml:8:19-51
19            android:screenOrientation="portrait" >
19-->src\main\AndroidManifest.xml:9:19-55
20            <intent-filter>
20-->src\main\AndroidManifest.xml:10:13-13:29
21                <action android:name="android.intent.action.MAIN" />
21-->src\main\AndroidManifest.xml:11:17-69
21-->src\main\AndroidManifest.xml:11:25-66
22
23                <category android:name="android.intent.category.LAUNCHER" />
23-->src\main\AndroidManifest.xml:12:17-77
23-->src\main\AndroidManifest.xml:12:27-74
24            </intent-filter>
25        </activity>
26        <activity android:name="com.example.SensorListActivity" />
26-->src\main\AndroidManifest.xml:15:9-65
26-->src\main\AndroidManifest.xml:15:19-53
27    </application>
28
29</manifest>